Logging console output to: logs\lunar_lander4_ddqn_20260309_002500.log
| Episode    1 | Duration:  131 steps | Reward:    -117.88 | Crashed      | Total Steps:    131 |
| Episode    2 | Duration:   81 steps | Reward:    -120.60 | Crashed      | Total Steps:    212 |
| Episode    3 | Duration:   70 steps | Reward:     -98.61 | Stabilizing  | Total Steps:    282 |
| Episode    4 | Duration:   59 steps | Reward:    -116.23 | Crashed      | Total Steps:    341 |
| Episode    5 | Duration:   73 steps | Reward:     -53.88 | Stabilizing  | Total Steps:    414 |
| Episode    6 | Duration:   64 steps | Reward:    -230.80 | Crashed      | Total Steps:    478 |
| Episode    7 | Duration:  105 steps | Reward:    -167.32 | Crashed      | Total Steps:    583 |
| Episode    8 | Duration:   84 steps | Reward:    -215.07 | Crashed      | Total Steps:    667 |
| Episode    9 | Duration:   63 steps | Reward:    -114.76 | Crashed      | Total Steps:    730 |
| Episode   10 | Duration:   93 steps | Reward:    -111.90 | Crashed      | Total Steps:    823 |
| Episode   11 | Duration:   73 steps | Reward:    -101.99 | Crashed      | Total Steps:    896 |
| Episode   12 | Duration:   93 steps | Reward:    -114.07 | Crashed      | Total Steps:    989 |
| Episode   13 | Duration:   73 steps | Reward:    -123.76 | Crashed      | Total Steps:   1062 |
| Episode   14 | Duration:   73 steps | Reward:    -137.22 | Crashed      | Total Steps:   1135 |
| Episode   15 | Duration:   64 steps | Reward:    -161.68 | Crashed      | Total Steps:   1199 |
| Episode   16 | Duration:   98 steps | Reward:    -154.31 | Crashed      | Total Steps:   1297 |
| Episode   17 | Duration:   54 steps | Reward:    -127.26 | Crashed      | Total Steps:   1351 |
| Episode   18 | Duration:   79 steps | Reward:     -98.53 | Stabilizing  | Total Steps:   1430 |
| Episode   19 | Duration:   77 steps | Reward:    -134.95 | Crashed      | Total Steps:   1507 |
| Episode   20 | Duration:   75 steps | Reward:    -112.06 | Crashed      | Total Steps:   1582 |
| Episode   21 | Duration:   61 steps | Reward:    -104.30 | Crashed      | Total Steps:   1643 |
| Episode   22 | Duration:   72 steps | Reward:    -125.34 | Crashed      | Total Steps:   1715 |
| Episode   23 | Duration:   95 steps | Reward:    -155.01 | Crashed      | Total Steps:   1810 |
| Episode   24 | Duration:   61 steps | Reward:    -177.67 | Crashed      | Total Steps:   1871 |
| Episode   25 | Duration:   58 steps | Reward:     -96.10 | Stabilizing  | Total Steps:   1929 |
| Episode   26 | Duration:   66 steps | Reward:    -113.86 | Crashed      | Total Steps:   1995 |
| Episode   27 | Duration:   66 steps | Reward:    -135.52 | Crashed      | Total Steps:   2061 |
| Episode   28 | Duration:   56 steps | Reward:     -93.09 | Stabilizing  | Total Steps:   2117 |
| Episode   29 | Duration:   71 steps | Reward:    -143.05 | Crashed      | Total Steps:   2188 |
| Episode   30 | Duration:   67 steps | Reward:    -146.51 | Crashed      | Total Steps:   2255 |
| Episode   31 | Duration:   89 steps | Reward:    -127.44 | Crashed      | Total Steps:   2344 |
| Episode   32 | Duration:   65 steps | Reward:    -113.61 | Crashed      | Total Steps:   2409 |
| Episode   33 | Duration:   85 steps | Reward:    -212.27 | Crashed      | Total Steps:   2494 |
| Episode   34 | Duration:   80 steps | Reward:     -25.16 | Stabilizing  | Total Steps:   2574 |
| Episode   35 | Duration:   76 steps | Reward:    -131.18 | Crashed      | Total Steps:   2650 |
| Episode   36 | Duration:   74 steps | Reward:    -147.18 | Crashed      | Total Steps:   2724 |
| Episode   37 | Duration:   78 steps | Reward:    -188.45 | Crashed      | Total Steps:   2802 |
| Episode   38 | Duration:   69 steps | Reward:    -141.50 | Crashed      | Total Steps:   2871 |
| Episode   39 | Duration:   56 steps | Reward:     -85.58 | Stabilizing  | Total Steps:   2927 |
| Episode   40 | Duration:   71 steps | Reward:    -136.30 | Crashed      | Total Steps:   2998 |
| Episode   41 | Duration:   65 steps | Reward:    -169.19 | Crashed      | Total Steps:   3063 |
| Episode   42 | Duration:   54 steps | Reward:     -76.97 | Stabilizing  | Total Steps:   3117 |
| Episode   43 | Duration:   80 steps | Reward:    -140.16 | Crashed      | Total Steps:   3197 |
| Episode   44 | Duration:   58 steps | Reward:    -122.31 | Crashed      | Total Steps:   3255 |
| Episode   45 | Duration:   73 steps | Reward:    -154.97 | Crashed      | Total Steps:   3328 |
| Episode   46 | Duration:   59 steps | Reward:    -108.12 | Crashed      | Total Steps:   3387 |
| Episode   47 | Duration:   69 steps | Reward:    -157.03 | Crashed      | Total Steps:   3456 |
| Episode   48 | Duration:   63 steps | Reward:    -124.90 | Crashed      | Total Steps:   3519 |
| Episode   49 | Duration:   59 steps | Reward:    -132.97 | Crashed      | Total Steps:   3578 |
| Episode   50 | Duration:   82 steps | Reward:    -124.18 | Crashed      | Total Steps:   3660 |
| Episode   51 | Duration:   52 steps | Reward:    -124.96 | Crashed      | Total Steps:   3712 |
| Episode   52 | Duration:   52 steps | Reward:    -125.67 | Crashed      | Total Steps:   3764 |
| Episode   53 | Duration:   61 steps | Reward:    -128.90 | Crashed      | Total Steps:   3825 |
| Episode   54 | Duration:   52 steps | Reward:    -111.19 | Crashed      | Total Steps:   3877 |
| Episode   55 | Duration:   92 steps | Reward:    -193.82 | Crashed      | Total Steps:   3969 |
| Episode   56 | Duration:   52 steps | Reward:    -119.07 | Crashed      | Total Steps:   4021 |
| Episode   57 | Duration:   65 steps | Reward:    -141.86 | Crashed      | Total Steps:   4086 |
| Episode   58 | Duration:   76 steps | Reward:    -159.48 | Crashed      | Total Steps:   4162 |
| Episode   59 | Duration:   81 steps | Reward:    -143.91 | Crashed      | Total Steps:   4243 |
| Episode   60 | Duration:   71 steps | Reward:    -133.54 | Crashed      | Total Steps:   4314 |
| Episode   61 | Duration:   64 steps | Reward:    -142.35 | Crashed      | Total Steps:   4378 |
| Episode   62 | Duration:   90 steps | Reward:    -135.29 | Crashed      | Total Steps:   4468 |
| Episode   63 | Duration:   64 steps | Reward:       7.00 | Improving    | Total Steps:   4532 |
| Episode   64 | Duration:   67 steps | Reward:    -144.12 | Crashed      | Total Steps:   4599 |
| Episode   65 | Duration:   58 steps | Reward:    -136.62 | Crashed      | Total Steps:   4657 |
| Episode   66 | Duration:   67 steps | Reward:    -139.89 | Crashed      | Total Steps:   4724 |
| Episode   67 | Duration:   78 steps | Reward:      39.29 | Improving    | Total Steps:   4802 |
| Episode   68 | Duration:   62 steps | Reward:    -126.06 | Crashed      | Total Steps:   4864 |
| Episode   69 | Duration:   63 steps | Reward:    -106.23 | Crashed      | Total Steps:   4927 |
| Episode   70 | Duration:   72 steps | Reward:    -122.30 | Crashed      | Total Steps:   4999 |
| Episode   71 | Duration:   73 steps | Reward:    -144.44 | Crashed      | Total Steps:   5072 |
| Episode   72 | Duration:   56 steps | Reward:    -101.81 | Crashed      | Total Steps:   5128 |
| Episode   73 | Duration:   56 steps | Reward:    -126.28 | Crashed      | Total Steps:   5184 |
| Episode   74 | Duration:   53 steps | Reward:    -109.41 | Crashed      | Total Steps:   5237 |
| Episode   75 | Duration:   75 steps | Reward:    -134.19 | Crashed      | Total Steps:   5312 |
| Episode   76 | Duration:   81 steps | Reward:    -120.97 | Crashed      | Total Steps:   5393 |
| Episode   77 | Duration:   67 steps | Reward:    -148.08 | Crashed      | Total Steps:   5460 |
| Episode   78 | Duration:   77 steps | Reward:    -202.67 | Crashed      | Total Steps:   5537 |
| Episode   79 | Duration:   90 steps | Reward:    -173.81 | Crashed      | Total Steps:   5627 |
| Episode   80 | Duration:   81 steps | Reward:    -112.39 | Crashed      | Total Steps:   5708 |
| Episode   81 | Duration:   75 steps | Reward:    -166.07 | Crashed      | Total Steps:   5783 |
| Episode   82 | Duration:   66 steps | Reward:    -166.44 | Crashed      | Total Steps:   5849 |
| Episode   83 | Duration:   67 steps | Reward:    -155.39 | Crashed      | Total Steps:   5916 |
| Episode   84 | Duration:   79 steps | Reward:    -115.74 | Crashed      | Total Steps:   5995 |
| Episode   85 | Duration:   53 steps | Reward:    -112.12 | Crashed      | Total Steps:   6048 |
| Episode   86 | Duration:   56 steps | Reward:    -121.60 | Crashed      | Total Steps:   6104 |
| Episode   87 | Duration:   55 steps | Reward:    -127.93 | Crashed      | Total Steps:   6159 |
| Episode   88 | Duration:   88 steps | Reward:    -115.60 | Crashed      | Total Steps:   6247 |
| Episode   89 | Duration:   54 steps | Reward:    -132.03 | Crashed      | Total Steps:   6301 |
| Episode   90 | Duration:   71 steps | Reward:    -189.87 | Crashed      | Total Steps:   6372 |
| Episode   91 | Duration:   84 steps | Reward:    -159.28 | Crashed      | Total Steps:   6456 |
| Episode   92 | Duration:   89 steps | Reward:    -109.63 | Crashed      | Total Steps:   6545 |
| Episode   93 | Duration:   75 steps | Reward:    -162.95 | Crashed      | Total Steps:   6620 |
| Episode   94 | Duration:   62 steps | Reward:    -146.36 | Crashed      | Total Steps:   6682 |
| Episode   95 | Duration:   83 steps | Reward:    -140.44 | Crashed      | Total Steps:   6765 |
| Episode   96 | Duration:   56 steps | Reward:     -95.29 | Stabilizing  | Total Steps:   6821 |
| Episode   97 | Duration:   54 steps | Reward:     -97.89 | Stabilizing  | Total Steps:   6875 |
| Episode   98 | Duration:   91 steps | Reward:    -131.23 | Crashed      | Total Steps:   6966 |
| Episode   99 | Duration:   83 steps | Reward:    -126.18 | Crashed      | Total Steps:   7049 |
| Episode  100 | Duration:   86 steps | Reward:    -168.28 | Crashed      | Total Steps:   7135 |
Saved plots: lunar_lander3_rewards_trend_20260309_002732.png, lunar_lander3_rewards_histogram_20260309_002732.png
