Logging console output to: logs\lunar_lander4_ddqn_20260402_202610.log
| Episode    1 | Duration:   81 steps | Reward:    -115.61 | Crashed      | Total Steps:     81 |
| Episode    2 | Duration:   99 steps | Reward:    -234.82 | Crashed      | Total Steps:    180 |
| Episode    3 | Duration:   74 steps | Reward:    -176.18 | Crashed      | Total Steps:    254 |
| Episode    4 | Duration:   63 steps | Reward:    -104.12 | Crashed      | Total Steps:    317 |
| Episode    5 | Duration:   67 steps | Reward:    -243.20 | Crashed      | Total Steps:    384 |
| Episode    6 | Duration:  105 steps | Reward:    -425.50 | Crashed      | Total Steps:    489 |
| Episode    7 | Duration:   75 steps | Reward:    -227.78 | Crashed      | Total Steps:    564 |
| Episode    8 | Duration:   58 steps | Reward:    -146.43 | Crashed      | Total Steps:    622 |
| Episode    9 | Duration:   98 steps | Reward:    -116.10 | Crashed      | Total Steps:    720 |
| Episode   10 | Duration:   68 steps | Reward:     -59.37 | Stabilizing  | Total Steps:    788 |
| Episode   11 | Duration:  105 steps | Reward:    -425.27 | Crashed      | Total Steps:    893 |
| Episode   12 | Duration:  106 steps | Reward:    -185.14 | Crashed      | Total Steps:    999 |
| Episode   13 | Duration:   61 steps | Reward:     -75.02 | Stabilizing  | Total Steps:   1060 |
| Episode   14 | Duration:   87 steps | Reward:    -134.82 | Crashed      | Total Steps:   1147 |
| Episode   15 | Duration:   77 steps | Reward:    -128.79 | Crashed      | Total Steps:   1224 |
| Episode   16 | Duration:   61 steps | Reward:    -109.28 | Crashed      | Total Steps:   1285 |
| Episode   17 | Duration:  101 steps | Reward:    -167.52 | Crashed      | Total Steps:   1386 |
| Episode   18 | Duration:   93 steps | Reward:      26.14 | Improving    | Total Steps:   1479 |
| Episode   19 | Duration:   69 steps | Reward:    -118.17 | Crashed      | Total Steps:   1548 |
| Episode   20 | Duration:   88 steps | Reward:     -93.98 | Stabilizing  | Total Steps:   1636 |
| Episode   21 | Duration:   65 steps | Reward:     -86.35 | Stabilizing  | Total Steps:   1701 |
| Episode   22 | Duration:   79 steps | Reward:    -105.08 | Crashed      | Total Steps:   1780 |
| Episode   23 | Duration:   66 steps | Reward:    -111.87 | Crashed      | Total Steps:   1846 |
| Episode   24 | Duration:   57 steps | Reward:     -97.43 | Stabilizing  | Total Steps:   1903 |
| Episode   25 | Duration:   76 steps | Reward:    -124.64 | Crashed      | Total Steps:   1979 |
| Episode   26 | Duration:   88 steps | Reward:     -94.89 | Stabilizing  | Total Steps:   2067 |
| Episode   27 | Duration:   56 steps | Reward:     -90.09 | Stabilizing  | Total Steps:   2123 |
| Episode   28 | Duration:   63 steps | Reward:    -146.79 | Crashed      | Total Steps:   2186 |
| Episode   29 | Duration:   72 steps | Reward:    -135.85 | Crashed      | Total Steps:   2258 |
| Episode   30 | Duration:   55 steps | Reward:     -53.34 | Stabilizing  | Total Steps:   2313 |
| Episode   31 | Duration:   79 steps | Reward:    -132.99 | Crashed      | Total Steps:   2392 |
| Episode   32 | Duration:   62 steps | Reward:    -114.63 | Crashed      | Total Steps:   2454 |
| Episode   33 | Duration:   66 steps | Reward:    -132.51 | Crashed      | Total Steps:   2520 |
| Episode   34 | Duration:   81 steps | Reward:     -71.04 | Stabilizing  | Total Steps:   2601 |
| Episode   35 | Duration:   65 steps | Reward:     -78.72 | Stabilizing  | Total Steps:   2666 |
| Episode   36 | Duration:   69 steps | Reward:    -120.18 | Crashed      | Total Steps:   2735 |
| Episode   37 | Duration:   82 steps | Reward:    -143.93 | Crashed      | Total Steps:   2817 |
| Episode   38 | Duration:   58 steps | Reward:     -67.76 | Stabilizing  | Total Steps:   2875 |
| Episode   39 | Duration:   65 steps | Reward:    -149.51 | Crashed      | Total Steps:   2940 |
| Episode   40 | Duration:   64 steps | Reward:     -84.17 | Stabilizing  | Total Steps:   3004 |
| Episode   41 | Duration:   71 steps | Reward:    -106.92 | Crashed      | Total Steps:   3075 |
| Episode   42 | Duration:   65 steps | Reward:    -147.64 | Crashed      | Total Steps:   3140 |
| Episode   43 | Duration:   73 steps | Reward:    -145.99 | Crashed      | Total Steps:   3213 |
| Episode   44 | Duration:   60 steps | Reward:     -75.68 | Stabilizing  | Total Steps:   3273 |
| Episode   45 | Duration:   64 steps | Reward:     -53.77 | Stabilizing  | Total Steps:   3337 |
| Episode   46 | Duration:   65 steps | Reward:     -96.28 | Stabilizing  | Total Steps:   3402 |
| Episode   47 | Duration:   65 steps | Reward:     -57.22 | Stabilizing  | Total Steps:   3467 |
| Episode   48 | Duration:   65 steps | Reward:    -133.21 | Crashed      | Total Steps:   3532 |
| Episode   49 | Duration:   80 steps | Reward:    -217.34 | Crashed      | Total Steps:   3612 |
| Episode   50 | Duration:   65 steps | Reward:     -45.64 | Stabilizing  | Total Steps:   3677 |
| Episode   51 | Duration:   62 steps | Reward:    -146.03 | Crashed      | Total Steps:   3739 |
| Episode   52 | Duration:   57 steps | Reward:     -60.15 | Stabilizing  | Total Steps:   3796 |
| Episode   53 | Duration:   90 steps | Reward:     -90.51 | Stabilizing  | Total Steps:   3886 |
| Episode   54 | Duration:   86 steps | Reward:    -177.18 | Crashed      | Total Steps:   3972 |
| Episode   55 | Duration:   88 steps | Reward:    -161.46 | Crashed      | Total Steps:   4060 |
| Episode   56 | Duration:   82 steps | Reward:    -150.26 | Crashed      | Total Steps:   4142 |
| Episode   57 | Duration:   61 steps | Reward:     -71.29 | Stabilizing  | Total Steps:   4203 |
| Episode   58 | Duration:   60 steps | Reward:     -67.53 | Stabilizing  | Total Steps:   4263 |
| Episode   59 | Duration:   89 steps | Reward:    -228.23 | Crashed      | Total Steps:   4352 |
| Episode   60 | Duration:   58 steps | Reward:     -77.00 | Stabilizing  | Total Steps:   4410 |
| Episode   61 | Duration:   71 steps | Reward:     -84.91 | Stabilizing  | Total Steps:   4481 |
| Episode   62 | Duration:   85 steps | Reward:    -120.52 | Crashed      | Total Steps:   4566 |
| Episode   63 | Duration:   92 steps | Reward:     -90.31 | Stabilizing  | Total Steps:   4658 |
| Episode   64 | Duration:   65 steps | Reward:     -93.64 | Stabilizing  | Total Steps:   4723 |
| Episode   65 | Duration:   86 steps | Reward:    -247.17 | Crashed      | Total Steps:   4809 |
| Episode   66 | Duration:   61 steps | Reward:    -114.66 | Crashed      | Total Steps:   4870 |
| Episode   67 | Duration:   68 steps | Reward:     -70.55 | Stabilizing  | Total Steps:   4938 |
| Episode   68 | Duration:   54 steps | Reward:     -74.08 | Stabilizing  | Total Steps:   4992 |
| Episode   69 | Duration:   91 steps | Reward:     -39.92 | Stabilizing  | Total Steps:   5083 |
| Episode   70 | Duration:   61 steps | Reward:     -46.70 | Stabilizing  | Total Steps:   5144 |
| Episode   71 | Duration:   64 steps | Reward:    -119.47 | Crashed      | Total Steps:   5208 |
| Episode   72 | Duration:   67 steps | Reward:     -70.39 | Stabilizing  | Total Steps:   5275 |
| Episode   73 | Duration:   77 steps | Reward:     -63.00 | Stabilizing  | Total Steps:   5352 |
| Episode   74 | Duration:   82 steps | Reward:    -204.07 | Crashed      | Total Steps:   5434 |
| Episode   75 | Duration:   65 steps | Reward:    -107.51 | Crashed      | Total Steps:   5499 |
| Episode   76 | Duration:   58 steps | Reward:     -21.99 | Stabilizing  | Total Steps:   5557 |
| Episode   77 | Duration:   91 steps | Reward:     -66.32 | Stabilizing  | Total Steps:   5648 |
| Episode   78 | Duration:   85 steps | Reward:     -89.92 | Stabilizing  | Total Steps:   5733 |
| Episode   79 | Duration:   64 steps | Reward:    -116.26 | Crashed      | Total Steps:   5797 |
| Episode   80 | Duration:   68 steps | Reward:    -133.37 | Crashed      | Total Steps:   5865 |
| Episode   81 | Duration:   79 steps | Reward:    -151.09 | Crashed      | Total Steps:   5944 |
| Episode   82 | Duration:   77 steps | Reward:    -209.57 | Crashed      | Total Steps:   6021 |
| Episode   83 | Duration:   92 steps | Reward:     -60.34 | Stabilizing  | Total Steps:   6113 |
| Episode   84 | Duration:   80 steps | Reward:    -151.98 | Crashed      | Total Steps:   6193 |
| Episode   85 | Duration:   56 steps | Reward:     -32.91 | Stabilizing  | Total Steps:   6249 |
| Episode   86 | Duration:   86 steps | Reward:    -140.62 | Crashed      | Total Steps:   6335 |
| Episode   87 | Duration:   66 steps | Reward:    -206.11 | Crashed      | Total Steps:   6401 |
| Episode   88 | Duration:   60 steps | Reward:    -151.40 | Crashed      | Total Steps:   6461 |
| Episode   89 | Duration:   68 steps | Reward:    -125.22 | Crashed      | Total Steps:   6529 |
| Episode   90 | Duration:   74 steps | Reward:    -150.13 | Crashed      | Total Steps:   6603 |
| Episode   91 | Duration:   58 steps | Reward:     -29.33 | Stabilizing  | Total Steps:   6661 |
| Episode   92 | Duration:   88 steps | Reward:     -51.51 | Stabilizing  | Total Steps:   6749 |
| Episode   93 | Duration:   58 steps | Reward:     -83.31 | Stabilizing  | Total Steps:   6807 |
| Episode   94 | Duration:   56 steps | Reward:     -52.23 | Stabilizing  | Total Steps:   6863 |
| Episode   95 | Duration:   65 steps | Reward:     -56.49 | Stabilizing  | Total Steps:   6928 |
| Episode   96 | Duration:   82 steps | Reward:     -78.16 | Stabilizing  | Total Steps:   7010 |
| Episode   97 | Duration:   88 steps | Reward:    -134.54 | Crashed      | Total Steps:   7098 |
| Episode   98 | Duration:   72 steps | Reward:    -109.10 | Crashed      | Total Steps:   7170 |
| Episode   99 | Duration:   68 steps | Reward:     -50.04 | Stabilizing  | Total Steps:   7238 |
| Episode  100 | Duration:   58 steps | Reward:    -108.25 | Crashed      | Total Steps:   7296 |
Saved episode CSV: logs\lunar_lander4_ddqn_episode_summary_20260402_202611.csv
Saved plots: lunar_lander3_rewards_trend_20260402_202849.png, lunar_lander3_rewards_histogram_20260402_202849.png
