Logging console output to: logs\lunar_lander4_ddqn_20260309_003031.log
| Episode    1 | Duration:  111 steps | Reward:    -142.20 | Crashed      | Total Steps:    111 |
| Episode    2 | Duration:   87 steps | Reward:     -95.95 | Stabilizing  | Total Steps:    198 |
| Episode    3 | Duration:  102 steps | Reward:     -65.25 | Stabilizing  | Total Steps:    300 |
| Episode    4 | Duration:   78 steps | Reward:    -175.98 | Crashed      | Total Steps:    378 |
| Episode    5 | Duration:   62 steps | Reward:    -149.76 | Crashed      | Total Steps:    440 |
| Episode    6 | Duration:   68 steps | Reward:    -152.75 | Crashed      | Total Steps:    508 |
| Episode    7 | Duration:   69 steps | Reward:     -62.97 | Stabilizing  | Total Steps:    577 |
| Episode    8 | Duration:   60 steps | Reward:    -101.30 | Crashed      | Total Steps:    637 |
| Episode    9 | Duration:   74 steps | Reward:    -143.79 | Crashed      | Total Steps:    711 |
| Episode   10 | Duration:   81 steps | Reward:    -317.17 | Crashed      | Total Steps:    792 |
| Episode   11 | Duration:   68 steps | Reward:    -191.64 | Crashed      | Total Steps:    860 |
| Episode   12 | Duration:   72 steps | Reward:    -111.86 | Crashed      | Total Steps:    932 |
| Episode   13 | Duration:   65 steps | Reward:    -106.07 | Crashed      | Total Steps:    997 |
| Episode   14 | Duration:   92 steps | Reward:    -243.72 | Crashed      | Total Steps:   1089 |
| Episode   15 | Duration:   82 steps | Reward:    -135.60 | Crashed      | Total Steps:   1171 |
| Episode   16 | Duration:   96 steps | Reward:    -142.80 | Crashed      | Total Steps:   1267 |
| Episode   17 | Duration:   90 steps | Reward:    -116.67 | Crashed      | Total Steps:   1357 |
| Episode   18 | Duration:   81 steps | Reward:    -103.65 | Crashed      | Total Steps:   1438 |
| Episode   19 | Duration:   70 steps | Reward:    -172.99 | Crashed      | Total Steps:   1508 |
| Episode   20 | Duration:   70 steps | Reward:    -131.99 | Crashed      | Total Steps:   1578 |
| Episode   21 | Duration:   82 steps | Reward:    -113.06 | Crashed      | Total Steps:   1660 |
| Episode   22 | Duration:   50 steps | Reward:    -135.74 | Crashed      | Total Steps:   1710 |
| Episode   23 | Duration:   78 steps | Reward:    -217.02 | Crashed      | Total Steps:   1788 |
| Episode   24 | Duration:   61 steps | Reward:     -94.38 | Stabilizing  | Total Steps:   1849 |
| Episode   25 | Duration:   56 steps | Reward:    -166.89 | Crashed      | Total Steps:   1905 |
| Episode   26 | Duration:   64 steps | Reward:    -113.09 | Crashed      | Total Steps:   1969 |
| Episode   27 | Duration:   54 steps | Reward:     -98.40 | Stabilizing  | Total Steps:   2023 |
| Episode   28 | Duration:   75 steps | Reward:    -117.83 | Crashed      | Total Steps:   2098 |
| Episode   29 | Duration:   77 steps | Reward:    -151.86 | Crashed      | Total Steps:   2175 |
| Episode   30 | Duration:   90 steps | Reward:    -262.68 | Crashed      | Total Steps:   2265 |
| Episode   31 | Duration:   68 steps | Reward:    -117.37 | Crashed      | Total Steps:   2333 |
| Episode   32 | Duration:   72 steps | Reward:    -216.76 | Crashed      | Total Steps:   2405 |
| Episode   33 | Duration:   64 steps | Reward:    -139.62 | Crashed      | Total Steps:   2469 |
| Episode   34 | Duration:   58 steps | Reward:     -97.23 | Stabilizing  | Total Steps:   2527 |
| Episode   35 | Duration:   73 steps | Reward:    -131.84 | Crashed      | Total Steps:   2600 |
| Episode   36 | Duration:   87 steps | Reward:    -120.37 | Crashed      | Total Steps:   2687 |
| Episode   37 | Duration:   88 steps | Reward:     -54.88 | Stabilizing  | Total Steps:   2775 |
| Episode   38 | Duration:   64 steps | Reward:    -103.27 | Crashed      | Total Steps:   2839 |
| Episode   39 | Duration:   87 steps | Reward:    -103.80 | Crashed      | Total Steps:   2926 |
| Episode   40 | Duration:   63 steps | Reward:    -132.33 | Crashed      | Total Steps:   2989 |
| Episode   41 | Duration:   80 steps | Reward:    -125.33 | Crashed      | Total Steps:   3069 |
| Episode   42 | Duration:   76 steps | Reward:    -147.69 | Crashed      | Total Steps:   3145 |
| Episode   43 | Duration:   82 steps | Reward:    -117.32 | Crashed      | Total Steps:   3227 |
| Episode   44 | Duration:   59 steps | Reward:    -100.77 | Crashed      | Total Steps:   3286 |
| Episode   45 | Duration:   72 steps | Reward:    -142.63 | Crashed      | Total Steps:   3358 |
| Episode   46 | Duration:   56 steps | Reward:    -120.62 | Crashed      | Total Steps:   3414 |
| Episode   47 | Duration:   65 steps | Reward:    -125.15 | Crashed      | Total Steps:   3479 |
| Episode   48 | Duration:   88 steps | Reward:    -162.54 | Crashed      | Total Steps:   3567 |
| Episode   49 | Duration:   61 steps | Reward:    -105.84 | Crashed      | Total Steps:   3628 |
| Episode   50 | Duration:   73 steps | Reward:    -113.75 | Crashed      | Total Steps:   3701 |
| Episode   51 | Duration:   88 steps | Reward:    -106.85 | Crashed      | Total Steps:   3789 |
| Episode   52 | Duration:   61 steps | Reward:    -130.81 | Crashed      | Total Steps:   3850 |
| Episode   53 | Duration:   91 steps | Reward:    -155.85 | Crashed      | Total Steps:   3941 |
| Episode   54 | Duration:   81 steps | Reward:     -92.04 | Stabilizing  | Total Steps:   4022 |
| Episode   55 | Duration:   56 steps | Reward:    -115.16 | Crashed      | Total Steps:   4078 |
| Episode   56 | Duration:   89 steps | Reward:    -198.03 | Crashed      | Total Steps:   4167 |
| Episode   57 | Duration:   86 steps | Reward:    -212.50 | Crashed      | Total Steps:   4253 |
| Episode   58 | Duration:   72 steps | Reward:    -160.03 | Crashed      | Total Steps:   4325 |
| Episode   59 | Duration:   63 steps | Reward:     -76.95 | Stabilizing  | Total Steps:   4388 |
| Episode   60 | Duration:   95 steps | Reward:    -288.19 | Crashed      | Total Steps:   4483 |
| Episode   61 | Duration:   52 steps | Reward:    -110.15 | Crashed      | Total Steps:   4535 |
| Episode   62 | Duration:   58 steps | Reward:    -122.27 | Crashed      | Total Steps:   4593 |
| Episode   63 | Duration:   54 steps | Reward:    -151.13 | Crashed      | Total Steps:   4647 |
| Episode   64 | Duration:   72 steps | Reward:    -116.03 | Crashed      | Total Steps:   4719 |
| Episode   65 | Duration:   60 steps | Reward:    -147.31 | Crashed      | Total Steps:   4779 |
| Episode   66 | Duration:   89 steps | Reward:    -100.14 | Crashed      | Total Steps:   4868 |
| Episode   67 | Duration:   69 steps | Reward:    -147.25 | Crashed      | Total Steps:   4937 |
| Episode   68 | Duration:   64 steps | Reward:    -118.49 | Crashed      | Total Steps:   5001 |
| Episode   69 | Duration:   80 steps | Reward:    -103.04 | Crashed      | Total Steps:   5081 |
| Episode   70 | Duration:   92 steps | Reward:    -172.15 | Crashed      | Total Steps:   5173 |
| Episode   71 | Duration:   83 steps | Reward:    -102.99 | Crashed      | Total Steps:   5256 |
| Episode   72 | Duration:   81 steps | Reward:    -103.37 | Crashed      | Total Steps:   5337 |
| Episode   73 | Duration:   52 steps | Reward:    -100.77 | Crashed      | Total Steps:   5389 |
| Episode   74 | Duration:   57 steps | Reward:    -115.26 | Crashed      | Total Steps:   5446 |
| Episode   75 | Duration:   76 steps | Reward:    -152.13 | Crashed      | Total Steps:   5522 |
| Episode   76 | Duration:   54 steps | Reward:     -87.36 | Stabilizing  | Total Steps:   5576 |
| Episode   77 | Duration:   54 steps | Reward:    -102.40 | Crashed      | Total Steps:   5630 |
| Episode   78 | Duration:   85 steps | Reward:     -94.35 | Stabilizing  | Total Steps:   5715 |
| Episode   79 | Duration:   61 steps | Reward:    -150.39 | Crashed      | Total Steps:   5776 |
| Episode   80 | Duration:   70 steps | Reward:       0.83 | Improving    | Total Steps:   5846 |
| Episode   81 | Duration:   58 steps | Reward:     -86.53 | Stabilizing  | Total Steps:   5904 |
| Episode   82 | Duration:   72 steps | Reward:    -177.88 | Crashed      | Total Steps:   5976 |
| Episode   83 | Duration:   67 steps | Reward:    -119.36 | Crashed      | Total Steps:   6043 |
| Episode   84 | Duration:   90 steps | Reward:    -114.40 | Crashed      | Total Steps:   6133 |
| Episode   85 | Duration:   82 steps | Reward:    -241.31 | Crashed      | Total Steps:   6215 |
| Episode   86 | Duration:   61 steps | Reward:    -126.40 | Crashed      | Total Steps:   6276 |
| Episode   87 | Duration:   76 steps | Reward:    -155.84 | Crashed      | Total Steps:   6352 |
| Episode   88 | Duration:   52 steps | Reward:    -149.25 | Crashed      | Total Steps:   6404 |
| Episode   89 | Duration:   77 steps | Reward:    -182.16 | Crashed      | Total Steps:   6481 |
| Episode   90 | Duration:   61 steps | Reward:    -152.12 | Crashed      | Total Steps:   6542 |
| Episode   91 | Duration:   75 steps | Reward:    -181.73 | Crashed      | Total Steps:   6617 |
| Episode   92 | Duration:   63 steps | Reward:      -1.35 | Stabilizing  | Total Steps:   6680 |
| Episode   93 | Duration:   66 steps | Reward:    -130.66 | Crashed      | Total Steps:   6746 |
| Episode   94 | Duration:   85 steps | Reward:    -151.50 | Crashed      | Total Steps:   6831 |
| Episode   95 | Duration:   66 steps | Reward:    -116.01 | Crashed      | Total Steps:   6897 |
| Episode   96 | Duration:   67 steps | Reward:    -145.14 | Crashed      | Total Steps:   6964 |
| Episode   97 | Duration:   82 steps | Reward:    -130.90 | Crashed      | Total Steps:   7046 |
| Episode   98 | Duration:   58 steps | Reward:    -103.52 | Crashed      | Total Steps:   7104 |
| Episode   99 | Duration:   64 steps | Reward:    -143.56 | Crashed      | Total Steps:   7168 |
| Episode  100 | Duration:   86 steps | Reward:     -97.88 | Stabilizing  | Total Steps:   7254 |
Saved episode CSV: logs\lunar_lander4_ddqn_episode_summary_20260309_003032.csv
Saved plots: lunar_lander3_rewards_trend_20260309_003305.png, lunar_lander3_rewards_histogram_20260309_003305.png
